Analysis & Synthesis report for sd_card
Thu Aug 20 05:04:41 2015
Quartus II 64-Bit Version 13.1.0 Build 162 10/23/2013 SJ Web Edition


---------------------
; Table of Contents ;
---------------------
  1. Legal Notice
  2. Analysis & Synthesis Summary
  3. Analysis & Synthesis Settings
  4. Parallel Compilation
  5. Analysis & Synthesis Source Files Read
  6. Analysis & Synthesis Resource Usage Summary
  7. Analysis & Synthesis Resource Utilization by Entity
  8. State Machine - |sd_card|sd_interface:sd_int|init_block:init|state
  9. User-Specified and Inferred Latches
 10. Registers Removed During Synthesis
 11. General Register Statistics
 12. Inverted Register Statistics
 13. Multiplexer Restructuring Statistics (Restructuring Performed)
 14. Parameter Settings for User Entity Instance: clock_divisor:clk_div
 15. Elapsed Time Per Partition
 16. Analysis & Synthesis Messages
 17. Analysis & Synthesis Suppressed Messages



----------------
; Legal Notice ;
----------------
Copyright (C) 1991-2013 Altera Corporation
Your use of Altera Corporation's design tools, logic functions 
and other software and tools, and its AMPP partner logic 
functions, and any output files from any of the foregoing 
(including device programming or simulation files), and any 
associated documentation or information are expressly subject 
to the terms and conditions of the Altera Program License 
Subscription Agreement, Altera MegaCore Function License 
Agreement, or other applicable license agreement, including, 
without limitation, that your use is for the sole purpose of 
programming logic devices manufactured by Altera and sold by 
Altera or its authorized distributors.  Please refer to the 
applicable agreement for further details.



+---------------------------------------------------------------------------------+
; Analysis & Synthesis Summary                                                    ;
+------------------------------------+--------------------------------------------+
; Analysis & Synthesis Status        ; Successful - Thu Aug 20 05:04:41 2015      ;
; Quartus II 64-Bit Version          ; 13.1.0 Build 162 10/23/2013 SJ Web Edition ;
; Revision Name                      ; sd_card                                    ;
; Top-level Entity Name              ; sd_card                                    ;
; Family                             ; Cyclone IV E                               ;
; Total logic elements               ; 158                                        ;
;     Total combinational functions  ; 140                                        ;
;     Dedicated logic registers      ; 124                                        ;
; Total registers                    ; 124                                        ;
; Total pins                         ; 25                                         ;
; Total virtual pins                 ; 0                                          ;
; Total memory bits                  ; 0                                          ;
; Embedded Multiplier 9-bit elements ; 0                                          ;
; Total PLLs                         ; 0                                          ;
+------------------------------------+--------------------------------------------+


+----------------------------------------------------------------------------------------------------------------------+
; Analysis & Synthesis Settings                                                                                        ;
+----------------------------------------------------------------------------+--------------------+--------------------+
; Option                                                                     ; Setting            ; Default Value      ;
+----------------------------------------------------------------------------+--------------------+--------------------+
; Device                                                                     ; EP4CE115F29C7      ;                    ;
; Top-level entity name                                                      ; sd_card            ; sd_card            ;
; Family name                                                                ; Cyclone IV E       ; Cyclone IV GX      ;
; Use smart compilation                                                      ; Off                ; Off                ;
; Enable parallel Assembler and TimeQuest Timing Analyzer during compilation ; On                 ; On                 ;
; Enable compact report table                                                ; Off                ; Off                ;
; Restructure Multiplexers                                                   ; Auto               ; Auto               ;
; Create Debugging Nodes for IP Cores                                        ; Off                ; Off                ;
; Preserve fewer node names                                                  ; On                 ; On                 ;
; Disable OpenCore Plus hardware evaluation                                  ; Off                ; Off                ;
; Verilog Version                                                            ; Verilog_2001       ; Verilog_2001       ;
; VHDL Version                                                               ; VHDL_1993          ; VHDL_1993          ;
; State Machine Processing                                                   ; Auto               ; Auto               ;
; Safe State Machine                                                         ; Off                ; Off                ;
; Extract Verilog State Machines                                             ; On                 ; On                 ;
; Extract VHDL State Machines                                                ; On                 ; On                 ;
; Ignore Verilog initial constructs                                          ; Off                ; Off                ;
; Iteration limit for constant Verilog loops                                 ; 5000               ; 5000               ;
; Iteration limit for non-constant Verilog loops                             ; 250                ; 250                ;
; Add Pass-Through Logic to Inferred RAMs                                    ; On                 ; On                 ;
; Infer RAMs from Raw Logic                                                  ; On                 ; On                 ;
; Parallel Synthesis                                                         ; On                 ; On                 ;
; DSP Block Balancing                                                        ; Auto               ; Auto               ;
; NOT Gate Push-Back                                                         ; On                 ; On                 ;
; Power-Up Don't Care                                                        ; On                 ; On                 ;
; Remove Redundant Logic Cells                                               ; Off                ; Off                ;
; Remove Duplicate Registers                                                 ; On                 ; On                 ;
; Ignore CARRY Buffers                                                       ; Off                ; Off                ;
; Ignore CASCADE Buffers                                                     ; Off                ; Off                ;
; Ignore GLOBAL Buffers                                                      ; Off                ; Off                ;
; Ignore ROW GLOBAL Buffers                                                  ; Off                ; Off                ;
; Ignore LCELL Buffers                                                       ; Off                ; Off                ;
; Ignore SOFT Buffers                                                        ; On                 ; On                 ;
; Limit AHDL Integers to 32 Bits                                             ; Off                ; Off                ;
; Optimization Technique                                                     ; Balanced           ; Balanced           ;
; Carry Chain Length                                                         ; 70                 ; 70                 ;
; Auto Carry Chains                                                          ; On                 ; On                 ;
; Auto Open-Drain Pins                                                       ; On                 ; On                 ;
; Perform WYSIWYG Primitive Resynthesis                                      ; Off                ; Off                ;
; Auto ROM Replacement                                                       ; On                 ; On                 ;
; Auto RAM Replacement                                                       ; On                 ; On                 ;
; Auto DSP Block Replacement                                                 ; On                 ; On                 ;
; Auto Shift Register Replacement                                            ; Auto               ; Auto               ;
; Allow Shift Register Merging across Hierarchies                            ; Auto               ; Auto               ;
; Auto Clock Enable Replacement                                              ; On                 ; On                 ;
; Strict RAM Replacement                                                     ; Off                ; Off                ;
; Allow Synchronous Control Signals                                          ; On                 ; On                 ;
; Force Use of Synchronous Clear Signals                                     ; Off                ; Off                ;
; Auto RAM Block Balancing                                                   ; On                 ; On                 ;
; Auto RAM to Logic Cell Conversion                                          ; Off                ; Off                ;
; Auto Resource Sharing                                                      ; Off                ; Off                ;
; Allow Any RAM Size For Recognition                                         ; Off                ; Off                ;
; Allow Any ROM Size For Recognition                                         ; Off                ; Off                ;
; Allow Any Shift Register Size For Recognition                              ; Off                ; Off                ;
; Use LogicLock Constraints during Resource Balancing                        ; On                 ; On                 ;
; Ignore translate_off and synthesis_off directives                          ; Off                ; Off                ;
; Timing-Driven Synthesis                                                    ; On                 ; On                 ;
; Report Parameter Settings                                                  ; On                 ; On                 ;
; Report Source Assignments                                                  ; On                 ; On                 ;
; Report Connectivity Checks                                                 ; On                 ; On                 ;
; Ignore Maximum Fan-Out Assignments                                         ; Off                ; Off                ;
; Synchronization Register Chain Length                                      ; 2                  ; 2                  ;
; PowerPlay Power Optimization                                               ; Normal compilation ; Normal compilation ;
; HDL message level                                                          ; Level2             ; Level2             ;
; Suppress Register Optimization Related Messages                            ; Off                ; Off                ;
; Number of Removed Registers Reported in Synthesis Report                   ; 5000               ; 5000               ;
; Number of Swept Nodes Reported in Synthesis Report                         ; 5000               ; 5000               ;
; Number of Inverted Registers Reported in Synthesis Report                  ; 100                ; 100                ;
; Clock MUX Protection                                                       ; On                 ; On                 ;
; Auto Gated Clock Conversion                                                ; Off                ; Off                ;
; Block Design Naming                                                        ; Auto               ; Auto               ;
; SDC constraint protection                                                  ; Off                ; Off                ;
; Synthesis Effort                                                           ; Auto               ; Auto               ;
; Shift Register Replacement - Allow Asynchronous Clear Signal               ; On                 ; On                 ;
; Pre-Mapping Resynthesis Optimization                                       ; Off                ; Off                ;
; Analysis & Synthesis Message Level                                         ; Medium             ; Medium             ;
; Disable Register Merging Across Hierarchies                                ; Auto               ; Auto               ;
; Resource Aware Inference For Block RAM                                     ; On                 ; On                 ;
; Synthesis Seed                                                             ; 1                  ; 1                  ;
+----------------------------------------------------------------------------+--------------------+--------------------+


Parallel compilation was disabled, but you have multiple processors available. Enable parallel compilation to reduce compilation time.
+-------------------------------------+
; Parallel Compilation                ;
+----------------------------+--------+
; Processors                 ; Number ;
+----------------------------+--------+
; Number detected on machine ; 8      ;
; Maximum allowed            ; 1      ;
+----------------------------+--------+


+----------------------------------------------------------------------------------------------------------------------------------------------+
; Analysis & Synthesis Source Files Read                                                                                                       ;
+----------------------------------+-----------------+------------------------------+------------------------------------------------+---------+
; File Name with User-Entered Path ; Used in Netlist ; File Type                    ; File Name with Absolute Path                   ; Library ;
+----------------------------------+-----------------+------------------------------+------------------------------------------------+---------+
; sd_interface.sv                  ; yes             ; User SystemVerilog HDL File  ; C:/Users/user/Desktop/SD_CARD/sd_interface.sv  ;         ;
; init_block.sv                    ; yes             ; User SystemVerilog HDL File  ; C:/Users/user/Desktop/SD_CARD/init_block.sv    ;         ;
; sd_controller.sv                 ; yes             ; User SystemVerilog HDL File  ; C:/Users/user/Desktop/SD_CARD/sd_controller.sv ;         ;
; sd_card.sv                       ; yes             ; User SystemVerilog HDL File  ; C:/Users/user/Desktop/SD_CARD/sd_card.sv       ;         ;
; edge_detect.sv                   ; yes             ; User SystemVerilog HDL File  ; C:/Users/user/Desktop/SD_CARD/edge_detect.sv   ;         ;
; clock_divisor.sv                 ; yes             ; User SystemVerilog HDL File  ; C:/Users/user/Desktop/SD_CARD/clock_divisor.sv ;         ;
+----------------------------------+-----------------+------------------------------+------------------------------------------------+---------+


+------------------------------------------------------------------------------+
; Analysis & Synthesis Resource Usage Summary                                  ;
+---------------------------------------------+--------------------------------+
; Resource                                    ; Usage                          ;
+---------------------------------------------+--------------------------------+
; Estimated Total logic elements              ; 158                            ;
;                                             ;                                ;
; Total combinational functions               ; 140                            ;
; Logic element usage by number of LUT inputs ;                                ;
;     -- 4 input functions                    ; 23                             ;
;     -- 3 input functions                    ; 12                             ;
;     -- <=2 input functions                  ; 105                            ;
;                                             ;                                ;
; Logic elements by mode                      ;                                ;
;     -- normal mode                          ; 112                            ;
;     -- arithmetic mode                      ; 28                             ;
;                                             ;                                ;
; Total registers                             ; 124                            ;
;     -- Dedicated logic registers            ; 124                            ;
;     -- I/O registers                        ; 0                              ;
;                                             ;                                ;
; I/O pins                                    ; 25                             ;
; Embedded Multiplier 9-bit elements          ; 0                              ;
; Maximum fan-out node                        ; clock_divisor:clk_div|clk_250k ;
; Maximum fan-out                             ; 98                             ;
; Total fan-out                               ; 744                            ;
; Average fan-out                             ; 2.34                           ;
+---------------------------------------------+--------------------------------+


+------------------------------------------------------------------------------------------------------------------------------------------------------------------------------------------------------------+
; Analysis & Synthesis Resource Utilization by Entity                                                                                                                                                        ;
+-----------------------------+-------------------+--------------+-------------+--------------+---------+-----------+------+--------------+---------------------------------------------------+--------------+
; Compilation Hierarchy Node  ; LC Combinationals ; LC Registers ; Memory Bits ; DSP Elements ; DSP 9x9 ; DSP 18x18 ; Pins ; Virtual Pins ; Full Hierarchy Name                               ; Library Name ;
+-----------------------------+-------------------+--------------+-------------+--------------+---------+-----------+------+--------------+---------------------------------------------------+--------------+
; |sd_card                    ; 140 (2)           ; 124 (0)      ; 0           ; 0            ; 0       ; 0         ; 25   ; 0            ; |sd_card                                          ; work         ;
;    |clock_divisor:clk_div|  ; 26 (26)           ; 17 (17)      ; 0           ; 0            ; 0       ; 0         ; 0    ; 0            ; |sd_card|clock_divisor:clk_div                    ; work         ;
;    |sd_controller:sd_contr| ; 12 (12)           ; 12 (10)      ; 0           ; 0            ; 0       ; 0         ; 0    ; 0            ; |sd_card|sd_controller:sd_contr                   ; work         ;
;       |edge_detect:edged|   ; 0 (0)             ; 2 (2)        ; 0           ; 0            ; 0       ; 0         ; 0    ; 0            ; |sd_card|sd_controller:sd_contr|edge_detect:edged ; work         ;
;    |sd_interface:sd_int|    ; 100 (0)           ; 95 (0)       ; 0           ; 0            ; 0       ; 0         ; 0    ; 0            ; |sd_card|sd_interface:sd_int                      ; work         ;
;       |init_block:init|     ; 100 (100)         ; 95 (95)      ; 0           ; 0            ; 0       ; 0         ; 0    ; 0            ; |sd_card|sd_interface:sd_int|init_block:init      ; work         ;
+-----------------------------+-------------------+--------------+-------------+--------------+---------+-----------+------+--------------+---------------------------------------------------+--------------+
Note: For table entries with two numbers listed, the numbers in parentheses indicate the number of resources of the given type used by the specific entity alone. The numbers listed outside of parentheses indicate the total resources of the given type used by the specific entity and all of its sub-entities in the hierarchy.


Encoding Type:  One-Hot
+-------------------------------------------------------------------------------------------+
; State Machine - |sd_card|sd_interface:sd_int|init_block:init|state                        ;
+---------------------+-----------+-----------------+-----------------+---------------------+
; Name                ; state.END ; state.READ_RESP ; state.SEND_CMD0 ; state.WAIT_74_CYCLE ;
+---------------------+-----------+-----------------+-----------------+---------------------+
; state.WAIT_74_CYCLE ; 0         ; 0               ; 0               ; 0                   ;
; state.SEND_CMD0     ; 0         ; 0               ; 1               ; 1                   ;
; state.READ_RESP     ; 0         ; 1               ; 0               ; 1                   ;
; state.END           ; 1         ; 0               ; 0               ; 1                   ;
+---------------------+-----------+-----------------+-----------------+---------------------+


+--------------------------------------------------------------------------------------------------------------------------------------------+
; User-Specified and Inferred Latches                                                                                                        ;
+-------------------------------------------------------------------+-----------------------------------------------+------------------------+
; Latch Name                                                        ; Latch Enable Signal                           ; Free of Timing Hazards ;
+-------------------------------------------------------------------+-----------------------------------------------+------------------------+
; sd_interface:sd_int|init_block:init|next_state.WAIT_74_CYCLE_1319 ; sd_interface:sd_int|init_block:init|state.END ; yes                    ;
; sd_interface:sd_int|init_block:init|next_state.READ_RESP_1303     ; sd_interface:sd_int|init_block:init|state.END ; yes                    ;
; sd_interface:sd_int|init_block:init|next_state.SEND_CMD0_1311     ; sd_interface:sd_int|init_block:init|state.END ; yes                    ;
; sd_interface:sd_int|init_block:init|next_state.END_1295           ; sd_interface:sd_int|init_block:init|state.END ; yes                    ;
; Number of user-specified and inferred latches = 4                 ;                                               ;                        ;
+-------------------------------------------------------------------+-----------------------------------------------+------------------------+
Note: All latches listed above may not be present at the end of synthesis due to various synthesis optimizations.


+------------------------------------------------------------------+
; Registers Removed During Synthesis                               ;
+---------------------------------------------+--------------------+
; Register name                               ; Reason for Removal ;
+---------------------------------------------+--------------------+
; sd_interface:sd_int|init_block:init|state~2 ; Lost fanout        ;
; sd_interface:sd_int|init_block:init|state~3 ; Lost fanout        ;
; Total Number of Removed Registers = 2       ;                    ;
+---------------------------------------------+--------------------+


+------------------------------------------------------+
; General Register Statistics                          ;
+----------------------------------------------+-------+
; Statistic                                    ; Value ;
+----------------------------------------------+-------+
; Total registers                              ; 124   ;
; Number of registers using Synchronous Clear  ; 0     ;
; Number of registers using Synchronous Load   ; 9     ;
; Number of registers using Asynchronous Clear ; 24    ;
; Number of registers using Asynchronous Load  ; 0     ;
; Number of registers using Clock Enable       ; 78    ;
; Number of registers using Preset             ; 0     ;
+----------------------------------------------+-------+


+----------------------------------------------------------------+
; Inverted Register Statistics                                   ;
+------------------------------------------------------+---------+
; Inverted Register                                    ; Fan out ;
+------------------------------------------------------+---------+
; sd_interface:sd_int|init_block:init|clock_counter[6] ; 6       ;
; sd_interface:sd_int|init_block:init|clock_counter[4] ; 6       ;
; sd_interface:sd_int|init_block:init|MOSI[46]         ; 1       ;
; sd_interface:sd_int|init_block:init|MOSI[7]          ; 1       ;
; sd_interface:sd_int|init_block:init|MOSI[4]          ; 1       ;
; sd_interface:sd_int|init_block:init|MOSI[2]          ; 1       ;
; sd_interface:sd_int|init_block:init|MOSI[0]          ; 2       ;
; Total number of inverted registers = 7               ;         ;
+------------------------------------------------------+---------+


+---------------------------------------------------------------------------------------------------------------------------------------------------------------------+
; Multiplexer Restructuring Statistics (Restructuring Performed)                                                                                                      ;
+--------------------+-----------+---------------+----------------------+------------------------+------------+-------------------------------------------------------+
; Multiplexer Inputs ; Bus Width ; Baseline Area ; Area if Restructured ; Saving if Restructured ; Registered ; Example Multiplexer Output                            ;
+--------------------+-----------+---------------+----------------------+------------------------+------------+-------------------------------------------------------+
; 3:1                ; 43 bits   ; 86 LEs        ; 43 LEs               ; 43 LEs                 ; Yes        ; |sd_card|sd_interface:sd_int|init_block:init|MOSI[18] ;
; 3:1                ; 8 bits    ; 16 LEs        ; 8 LEs                ; 8 LEs                  ; Yes        ; |sd_card|sd_controller:sd_contr|edge_counter[7]       ;
; 3:1                ; 4 bits    ; 8 LEs         ; 4 LEs                ; 4 LEs                  ; Yes        ; |sd_card|sd_interface:sd_int|init_block:init|MOSI[46] ;
+--------------------+-----------+---------------+----------------------+------------------------+------------+-------------------------------------------------------+


+--------------------------------------------------------------------+
; Parameter Settings for User Entity Instance: clock_divisor:clk_div ;
+----------------+-------+-------------------------------------------+
; Parameter Name ; Value ; Type                                      ;
+----------------+-------+-------------------------------------------+
; count_250kHz   ; 200   ; Signed Integer                            ;
+----------------+-------+-------------------------------------------+
Note: In order to hide this table in the UI and the text report file, please set the "Show Parameter Settings in Synthesis Report" option in "Analysis and Synthesis Settings -> More Settings" to "Off".


+-------------------------------+
; Elapsed Time Per Partition    ;
+----------------+--------------+
; Partition Name ; Elapsed Time ;
+----------------+--------------+
; Top            ; 00:00:00     ;
+----------------+--------------+


+-------------------------------+
; Analysis & Synthesis Messages ;
+-------------------------------+
Info: *******************************************************************
Info: Running Quartus II 64-Bit Analysis & Synthesis
    Info: Version 13.1.0 Build 162 10/23/2013 SJ Web Edition
    Info: Processing started: Thu Aug 20 05:04:40 2015
Info: Command: quartus_map --read_settings_files=on --write_settings_files=off sd_card -c sd_card
Warning (20028): Parallel compilation is not licensed and has been disabled
Info (12021): Found 1 design units, including 1 entities, in source file sd_interface.sv
    Info (12023): Found entity 1: sd_interface
Info (12021): Found 1 design units, including 1 entities, in source file init_block.sv
    Info (12023): Found entity 1: init_block
Info (12021): Found 1 design units, including 1 entities, in source file sd_controller.sv
    Info (12023): Found entity 1: sd_controller
Info (12021): Found 1 design units, including 1 entities, in source file sd_card.sv
    Info (12023): Found entity 1: sd_card
Info (12021): Found 1 design units, including 1 entities, in source file edge_detect.sv
    Info (12023): Found entity 1: edge_detect
Info (12021): Found 1 design units, including 1 entities, in source file clock_divisor.sv
    Info (12023): Found entity 1: clock_divisor
Info (12127): Elaborating entity "sd_card" for the top level hierarchy
Info (12128): Elaborating entity "sd_controller" for hierarchy "sd_controller:sd_contr"
Warning (10230): Verilog HDL assignment warning at sd_controller.sv(22): truncated value with size 32 to match size of target (8)
Warning (10235): Verilog HDL Always Construct warning at sd_controller.sv(33): variable "clk_250k_edge" is read inside the Always Construct but isn't in the Always Construct's Event Control
Warning (10230): Verilog HDL assignment warning at sd_controller.sv(33): truncated value with size 32 to match size of target (1)
Warning (10230): Verilog HDL assignment warning at sd_controller.sv(34): truncated value with size 32 to match size of target (1)
Warning (10235): Verilog HDL Always Construct warning at sd_controller.sv(38): variable "clk_250k_edge" is read inside the Always Construct but isn't in the Always Construct's Event Control
Warning (10230): Verilog HDL assignment warning at sd_controller.sv(38): truncated value with size 32 to match size of target (1)
Warning (10230): Verilog HDL assignment warning at sd_controller.sv(39): truncated value with size 32 to match size of target (1)
Info (12128): Elaborating entity "edge_detect" for hierarchy "sd_controller:sd_contr|edge_detect:edged"
Info (12128): Elaborating entity "clock_divisor" for hierarchy "clock_divisor:clk_div"
Warning (10230): Verilog HDL assignment warning at clock_divisor.sv(15): truncated value with size 32 to match size of target (16)
Info (12128): Elaborating entity "sd_interface" for hierarchy "sd_interface:sd_int"
Info (12128): Elaborating entity "init_block" for hierarchy "sd_interface:sd_int|init_block:init"
Warning (10230): Verilog HDL assignment warning at init_block.sv(28): truncated value with size 32 to match size of target (8)
Warning (10235): Verilog HDL Always Construct warning at init_block.sv(40): variable "clock_counter" is read inside the Always Construct but isn't in the Always Construct's Event Control
Warning (10235): Verilog HDL Always Construct warning at init_block.sv(49): variable "clock_counter" is read inside the Always Construct but isn't in the Always Construct's Event Control
Warning (10235): Verilog HDL Always Construct warning at init_block.sv(58): variable "clock_counter" is read inside the Always Construct but isn't in the Always Construct's Event Control
Info (10264): Verilog HDL Case Statement information at init_block.sv(38): all case item expressions in this case statement are onehot
Warning (10240): Verilog HDL Always Construct warning at init_block.sv(37): inferring latch(es) for variable "next_state", which holds its previous value in one or more paths through the always construct
Info (10041): Inferred latch for "next_state.END" at init_block.sv(37)
Info (10041): Inferred latch for "next_state.READ_RESP" at init_block.sv(37)
Info (10041): Inferred latch for "next_state.SEND_CMD0" at init_block.sv(37)
Info (10041): Inferred latch for "next_state.WAIT_74_CYCLE" at init_block.sv(37)
Warning (13034): The following nodes have both tri-state and non-tri-state drivers
    Warning (13035): Inserted always-enabled tri-state buffer between "SD_DAT[3]" and its non-tri-state driver.
Warning (13039): The following bidir pins have no drivers
    Warning (13040): Bidir "SD_DAT[0]" has no driver
    Warning (13040): Bidir "SD_DAT[1]" has no driver
    Warning (13040): Bidir "SD_DAT[2]" has no driver
Warning (13009): TRI or OPNDRN buffers permanently enabled
    Warning (13010): Node "SD_DAT[3]~synth"
Info (286030): Timing-Driven Synthesis is running
Info (17049): 2 registers lost all their fanouts during netlist optimizations.
Info (144001): Generated suppressed messages file C:/Users/user/Desktop/SD_CARD/sd_card.map.smsg
Info (16010): Generating hard_block partition "hard_block:auto_generated_inst"
    Info (16011): Adding 0 node(s), including 0 DDIO, 0 PLL, 0 transceiver and 0 LCELL
Info (21057): Implemented 187 device resources after synthesis - the final resource count might be different
    Info (21058): Implemented 3 input pins
    Info (21059): Implemented 18 output pins
    Info (21060): Implemented 4 bidirectional pins
    Info (21061): Implemented 162 logic cells
Info: Quartus II 64-Bit Analysis & Synthesis was successful. 0 errors, 22 warnings
    Info: Peak virtual memory: 471 megabytes
    Info: Processing ended: Thu Aug 20 05:04:41 2015
    Info: Elapsed time: 00:00:01
    Info: Total CPU time (on all processors): 00:00:02


+------------------------------------------+
; Analysis & Synthesis Suppressed Messages ;
+------------------------------------------+
The suppressed messages can be found in C:/Users/user/Desktop/SD_CARD/sd_card.map.smsg.


